<?xml version="1.0" encoding="UTF-8"?>
<!-- Generated by org.testng.reporters.JUnitReportReporter -->
<testsuite hostname="DESKTOP-J2TI704" name="seleniumTestScenarios.SignUpTest" tests="1" failures="0" timestamp="17 Mar 2019 06:17:43 GMT" time="47.109" errors="0">
  <testcase name="validateSignupFunctionality" time="47.109" classname="seleniumTestScenarios.SignUpTest"/>
</testsuite> <!-- seleniumTestScenarios.SignUpTest -->
