<?xml version="1.0" encoding="UTF-8"?>
<!-- Generated by org.testng.reporters.JUnitReportReporter -->
<testsuite hostname="DESKTOP-J2TI704" name="seleniumTestScenarios.ImportFileTestPF" tests="1" failures="0" timestamp="29 Mar 2019 16:54:55 GMT" time="6.426" errors="0">
  <testcase name="validateImportFunctionality" time="6.426" classname="seleniumTestScenarios.ImportFileTestPF"/>
</testsuite> <!-- seleniumTestScenarios.ImportFileTestPF -->
